1782666314.734150 client started (44515): version 3.7, socket /private/tmp/tmux-501/default, protocol 8
1782666314.734178 on Darwin 25.5.0 Darwin Kernel Version 25.5.0: Mon Apr 27 20:38:56 PDT 2026; root:xnu-12377.121.6~2/RELEASE_ARM64_T6000
1782666314.734184 using libevent 2.1.12-stable select
1782666314.734205 using utf8proc 2.11.3
1782666314.734210 using ncurses 6.6 20251230
1782666314.734219 flags are 0x18010000
1782666314.734223 socket is /private/tmp/tmux-501/default
1782666314.734230 trying connect
1782666314.734242 connect failed: No such file or directory
1782666314.734253 lock file is /private/tmp/tmux-501/default.lock
1782666314.734307 flock succeeded
1782666314.734311 got lock (6)
1782666314.734315 trying connect
1782666314.734321 connect failed: No such file or directory
1782666314.734601 add peer 0x105816250: 7 (0x0)
1782666314.736676 sending message 111 to peer 0x105816250 (8 bytes)
1782666314.736687 sending message 111 to peer 0x105816250 (8 bytes)
1782666314.736693 sending message 101 to peer 0x105816250 (14 bytes)
1782666314.736698 sending message 109 to peer 0x105816250 (4 bytes)
1782666314.736704 sending message 102 to peer 0x105816250 (13 bytes)
1782666314.736709 sending message 108 to peer 0x105816250 (32 bytes)
1782666314.736714 sending message 112 to peer 0x105816250 (70 bytes)
1782666314.736720 sending message 112 to peer 0x105816250 (5 bytes)
1782666314.736728 sending message 112 to peer 0x105816250 (5 bytes)
1782666314.736734 sending message 112 to peer 0x105816250 (6 bytes)
1782666314.736740 sending message 112 to peer 0x105816250 (6 bytes)
1782666314.736745 sending message 112 to peer 0x105816250 (11 bytes)
1782666314.736750 sending message 112 to peer 0x105816250 (10 bytes)
1782666314.736755 sending message 112 to peer 0x105816250 (13 bytes)
1782666314.736761 sending message 112 to peer 0x105816250 (14 bytes)
1782666314.736765 sending message 112 to peer 0x105816250 (9 bytes)
1782666314.736772 sending message 112 to peer 0x105816250 (21 bytes)
1782666314.736780 sending message 112 to peer 0x105816250 (19 bytes)
1782666314.736785 sending message 112 to peer 0x105816250 (11 bytes)
1782666314.736788 sending message 112 to peer 0x105816250 (21 bytes)
1782666314.736793 sending message 112 to peer 0x105816250 (13 bytes)
1782666314.736798 sending message 112 to peer 0x105816250 (7 bytes)
1782666314.736803 sending message 112 to peer 0x105816250 (13 bytes)
1782666314.736808 sending message 112 to peer 0x105816250 (7 bytes)
1782666314.736813 sending message 112 to peer 0x105816250 (13 bytes)
1782666314.736818 sending message 112 to peer 0x105816250 (9 bytes)
1782666314.736824 sending message 112 to peer 0x105816250 (21 bytes)
1782666314.736830 sending message 112 to peer 0x105816250 (13 bytes)
1782666314.736834 sending message 112 to peer 0x105816250 (9 bytes)
1782666314.736840 sending message 112 to peer 0x105816250 (16 bytes)
1782666314.736850 sending message 112 to peer 0x105816250 (13 bytes)
1782666314.736855 sending message 112 to peer 0x105816250 (9 bytes)
1782666314.736860 sending message 112 to peer 0x105816250 (9 bytes)
1782666314.736866 sending message 112 to peer 0x105816250 (12 bytes)
1782666314.736871 sending message 112 to peer 0x105816250 (8 bytes)
1782666314.736877 sending message 112 to peer 0x105816250 (12 bytes)
1782666314.736882 sending message 112 to peer 0x105816250 (8 bytes)
1782666314.736888 sending message 112 to peer 0x105816250 (13 bytes)
1782666314.736893 sending message 112 to peer 0x105816250 (7 bytes)
1782666314.736899 sending message 112 to peer 0x105816250 (7 bytes)
1782666314.736905 sending message 112 to peer 0x105816250 (9 bytes)
1782666314.736909 sending message 112 to peer 0x105816250 (12 bytes)
1782666314.736914 sending message 112 to peer 0x105816250 (6 bytes)
1782666314.736919 sending message 112 to peer 0x105816250 (9 bytes)
1782666314.736924 sending message 112 to peer 0x105816250 (15 bytes)
1782666314.736929 sending message 112 to peer 0x105816250 (13 bytes)
1782666314.736935 sending message 112 to peer 0x105816250 (9 bytes)
1782666314.736940 sending message 112 to peer 0x105816250 (12 bytes)
1782666314.736952 sending message 112 to peer 0x105816250 (8 bytes)
1782666314.736956 sending message 112 to peer 0x105816250 (14 bytes)
1782666314.736961 sending message 112 to peer 0x105816250 (11 bytes)
1782666314.736967 sending message 112 to peer 0x105816250 (9 bytes)
1782666314.736972 sending message 112 to peer 0x105816250 (10 bytes)
1782666314.736977 sending message 112 to peer 0x105816250 (10 bytes)
1782666314.736981 sending message 112 to peer 0x105816250 (10 bytes)
1782666314.736984 sending message 112 to peer 0x105816250 (10 bytes)
1782666314.736988 sending message 112 to peer 0x105816250 (11 bytes)
1782666314.736991 sending message 112 to peer 0x105816250 (12 bytes)
1782666314.736995 sending message 112 to peer 0x105816250 (12 bytes)
1782666314.736999 sending message 112 to peer 0x105816250 (12 bytes)
1782666314.737004 sending message 112 to peer 0x105816250 (12 bytes)
1782666314.737009 sending message 112 to peer 0x105816250 (12 bytes)
1782666314.737014 sending message 112 to peer 0x105816250 (11 bytes)
1782666314.737019 sending message 112 to peer 0x105816250 (11 bytes)
1782666314.737023 sending message 112 to peer 0x105816250 (12 bytes)
1782666314.737027 sending message 112 to peer 0x105816250 (12 bytes)
1782666314.737030 sending message 112 to peer 0x105816250 (12 bytes)
1782666314.737035 sending message 112 to peer 0x105816250 (12 bytes)
1782666314.737044 sending message 112 to peer 0x105816250 (12 bytes)
1782666314.737047 sending message 112 to peer 0x105816250 (9 bytes)
1782666314.737051 sending message 112 to peer 0x105816250 (12 bytes)
1782666314.737055 sending message 112 to peer 0x105816250 (13 bytes)
1782666314.737058 sending message 112 to peer 0x105816250 (13 bytes)
1782666314.737062 sending message 112 to peer 0x105816250 (13 bytes)
1782666314.737067 sending message 112 to peer 0x105816250 (13 bytes)
1782666314.737073 sending message 112 to peer 0x105816250 (13 bytes)
1782666314.737077 sending message 112 to peer 0x105816250 (8 bytes)
1782666314.737081 sending message 112 to peer 0x105816250 (11 bytes)
1782666314.737086 sending message 112 to peer 0x105816250 (11 bytes)
1782666314.737091 sending message 112 to peer 0x105816250 (11 bytes)
1782666314.737095 sending message 112 to peer 0x105816250 (12 bytes)
1782666314.737099 sending message 112 to peer 0x105816250 (12 bytes)
1782666314.737105 sending message 112 to peer 0x105816250 (12 bytes)
1782666314.737108 sending message 112 to peer 0x105816250 (12 bytes)
1782666314.737112 sending message 112 to peer 0x105816250 (13 bytes)
1782666314.737117 sending message 112 to peer 0x105816250 (13 bytes)
1782666314.737123 sending message 112 to peer 0x105816250 (13 bytes)
1782666314.737127 sending message 112 to peer 0x105816250 (8 bytes)
1782666314.737130 sending message 112 to peer 0x105816250 (13 bytes)
1782666314.737135 sending message 112 to peer 0x105816250 (13 bytes)
1782666314.737140 sending message 112 to peer 0x105816250 (13 bytes)
1782666314.737145 sending message 112 to peer 0x105816250 (13 bytes)
1782666314.737150 sending message 112 to peer 0x105816250 (13 bytes)
1782666314.737155 sending message 112 to peer 0x105816250 (12 bytes)
1782666314.737160 sending message 112 to peer 0x105816250 (12 bytes)
1782666314.737165 sending message 112 to peer 0x105816250 (12 bytes)
1782666314.737170 sending message 112 to peer 0x105816250 (12 bytes)
1782666314.737174 sending message 112 to peer 0x105816250 (13 bytes)
1782666314.737179 sending message 112 to peer 0x105816250 (8 bytes)
1782666314.737184 sending message 112 to peer 0x105816250 (13 bytes)
1782666314.737190 sending message 112 to peer 0x105816250 (13 bytes)
1782666314.737195 sending message 112 to peer 0x105816250 (13 bytes)
1782666314.737200 sending message 112 to peer 0x105816250 (13 bytes)
1782666314.737205 sending message 112 to peer 0x105816250 (13 bytes)
1782666314.737211 sending message 112 to peer 0x105816250 (13 bytes)
1782666314.737216 sending message 112 to peer 0x105816250 (13 bytes)
1782666314.737222 sending message 112 to peer 0x105816250 (12 bytes)
1782666314.737231 sending message 112 to peer 0x105816250 (12 bytes)
1782666314.737234 sending message 112 to peer 0x105816250 (12 bytes)
1782666314.737240 sending message 112 to peer 0x105816250 (8 bytes)
1782666314.737245 sending message 112 to peer 0x105816250 (12 bytes)
1782666314.737249 sending message 112 to peer 0x105816250 (13 bytes)
1782666314.737254 sending message 112 to peer 0x105816250 (13 bytes)
1782666314.737259 sending message 112 to peer 0x105816250 (13 bytes)
1782666314.737265 sending message 112 to peer 0x105816250 (13 bytes)
1782666314.737270 sending message 112 to peer 0x105816250 (13 bytes)
1782666314.737275 sending message 112 to peer 0x105816250 (13 bytes)
1782666314.737280 sending message 112 to peer 0x105816250 (13 bytes)
1782666314.737285 sending message 112 to peer 0x105816250 (13 bytes)
1782666314.737291 sending message 112 to peer 0x105816250 (12 bytes)
1782666314.737296 sending message 112 to peer 0x105816250 (10 bytes)
1782666314.737301 sending message 112 to peer 0x105816250 (12 bytes)
1782666314.737305 sending message 112 to peer 0x105816250 (12 bytes)
1782666314.737311 sending message 112 to peer 0x105816250 (12 bytes)
1782666314.737314 sending message 112 to peer 0x105816250 (13 bytes)
1782666314.737317 sending message 112 to peer 0x105816250 (13 bytes)
1782666314.737321 sending message 112 to peer 0x105816250 (13 bytes)
1782666314.737323 sending message 112 to peer 0x105816250 (13 bytes)
1782666314.737326 sending message 112 to peer 0x105816250 (13 bytes)
1782666314.737329 sending message 112 to peer 0x105816250 (13 bytes)
1782666314.737332 sending message 112 to peer 0x105816250 (13 bytes)
1782666314.737335 sending message 112 to peer 0x105816250 (10 bytes)
1782666314.737339 sending message 112 to peer 0x105816250 (13 bytes)
1782666314.737342 sending message 112 to peer 0x105816250 (12 bytes)
1782666314.737345 sending message 112 to peer 0x105816250 (12 bytes)
1782666314.737348 sending message 112 to peer 0x105816250 (12 bytes)
1782666314.737350 sending message 112 to peer 0x105816250 (10 bytes)
1782666314.737353 sending message 112 to peer 0x105816250 (10 bytes)
1782666314.737356 sending message 112 to peer 0x105816250 (10 bytes)
1782666314.737359 sending message 112 to peer 0x105816250 (12 bytes)
1782666314.737362 sending message 112 to peer 0x105816250 (13 bytes)
1782666314.737365 sending message 112 to peer 0x105816250 (13 bytes)
1782666314.737368 sending message 112 to peer 0x105816250 (13 bytes)
1782666314.737370 sending message 112 to peer 0x105816250 (13 bytes)
1782666314.737372 sending message 112 to peer 0x105816250 (13 bytes)
1782666314.737375 sending message 112 to peer 0x105816250 (10 bytes)
1782666314.737378 sending message 112 to peer 0x105816250 (11 bytes)
1782666314.737381 sending message 112 to peer 0x105816250 (12 bytes)
1782666314.737384 sending message 112 to peer 0x105816250 (12 bytes)
1782666314.737388 sending message 112 to peer 0x105816250 (12 bytes)
1782666314.737391 sending message 112 to peer 0x105816250 (12 bytes)
1782666314.737395 sending message 112 to peer 0x105816250 (12 bytes)
1782666314.737398 sending message 112 to peer 0x105816250 (11 bytes)
1782666314.737402 sending message 112 to peer 0x105816250 (12 bytes)
1782666314.737405 sending message 112 to peer 0x105816250 (12 bytes)
1782666314.737409 sending message 112 to peer 0x105816250 (13 bytes)
1782666314.737412 sending message 112 to peer 0x105816250 (13 bytes)
1782666314.737415 sending message 112 to peer 0x105816250 (13 bytes)
1782666314.737418 sending message 112 to peer 0x105816250 (13 bytes)
1782666314.737421 sending message 112 to peer 0x105816250 (13 bytes)
1782666314.737424 sending message 112 to peer 0x105816250 (10 bytes)
1782666314.737427 sending message 112 to peer 0x105816250 (9 bytes)
1782666314.737430 sending message 112 to peer 0x105816250 (12 bytes)
1782666314.737432 sending message 112 to peer 0x105816250 (13 bytes)
1782666314.737436 sending message 112 to peer 0x105816250 (13 bytes)
1782666314.737439 sending message 112 to peer 0x105816250 (13 bytes)
1782666314.737442 sending message 112 to peer 0x105816250 (13 bytes)
1782666314.737449 sending message 112 to peer 0x105816250 (13 bytes)
1782666314.737452 sending message 112 to peer 0x105816250 (9 bytes)
1782666314.737456 sending message 112 to peer 0x105816250 (12 bytes)
1782666314.737459 sending message 112 to peer 0x105816250 (13 bytes)
1782666314.737462 sending message 112 to peer 0x105816250 (13 bytes)
1782666314.737466 sending message 112 to peer 0x105816250 (13 bytes)
1782666314.737469 sending message 112 to peer 0x105816250 (13 bytes)
1782666314.737472 sending message 112 to peer 0x105816250 (13 bytes)
1782666314.737475 sending message 112 to peer 0x105816250 (11 bytes)
1782666314.737477 sending message 112 to peer 0x105816250 (12 bytes)
1782666314.737480 sending message 112 to peer 0x105816250 (13 bytes)
1782666314.737483 sending message 112 to peer 0x105816250 (13 bytes)
1782666314.737486 sending message 112 to peer 0x105816250 (13 bytes)
1782666314.737489 sending message 112 to peer 0x105816250 (13 bytes)
1782666314.737492 sending message 112 to peer 0x105816250 (13 bytes)
1782666314.737495 sending message 112 to peer 0x105816250 (11 bytes)
1782666314.737498 sending message 112 to peer 0x105816250 (12 bytes)
1782666314.737501 sending message 112 to peer 0x105816250 (12 bytes)
1782666314.737504 sending message 112 to peer 0x105816250 (12 bytes)
1782666314.737507 sending message 112 to peer 0x105816250 (12 bytes)
1782666314.737510 sending message 112 to peer 0x105816250 (12 bytes)
1782666314.737513 sending message 112 to peer 0x105816250 (21 bytes)
1782666314.737516 sending message 112 to peer 0x105816250 (12 bytes)
1782666314.737519 sending message 112 to peer 0x105816250 (9 bytes)
1782666314.737522 sending message 112 to peer 0x105816250 (6 bytes)
1782666314.737525 sending message 112 to peer 0x105816250 (13 bytes)
1782666314.737528 sending message 112 to peer 0x105816250 (10 bytes)
1782666314.737531 sending message 112 to peer 0x105816250 (15 bytes)
1782666314.737534 sending message 112 to peer 0x105816250 (13 bytes)
1782666314.737537 sending message 112 to peer 0x105816250 (9 bytes)
1782666314.737540 sending message 112 to peer 0x105816250 (70 bytes)
1782666314.737543 sending message 112 to peer 0x105816250 (69 bytes)
1782666314.737546 sending message 112 to peer 0x105816250 (34 bytes)
1782666314.737549 sending message 112 to peer 0x105816250 (34 bytes)
1782666314.737552 sending message 112 to peer 0x105816250 (70 bytes)
1782666314.737555 sending message 112 to peer 0x105816250 (12 bytes)
1782666314.737558 sending message 112 to peer 0x105816250 (10 bytes)
1782666314.737560 sending message 112 to peer 0x105816250 (10 bytes)
1782666314.737563 sending message 112 to peer 0x105816250 (15 bytes)
1782666314.737566 sending message 112 to peer 0x105816250 (13 bytes)
1782666314.737569 sending message 112 to peer 0x105816250 (10 bytes)
1782666314.737572 sending message 112 to peer 0x105816250 (10 bytes)
1782666314.737575 sending message 112 to peer 0x105816250 (17 bytes)
1782666314.737578 sending message 112 to peer 0x105816250 (10 bytes)
1782666314.737581 sending message 112 to peer 0x105816250 (13 bytes)
1782666314.737583 sending message 112 to peer 0x105816250 (32 bytes)
1782666314.737586 sending message 112 to peer 0x105816250 (5 bytes)
1782666314.737588 sending message 112 to peer 0x105816250 (9 bytes)
1782666314.737591 sending message 112 to peer 0x105816250 (15 bytes)
1782666314.737594 sending message 112 to peer 0x105816250 (5 bytes)
1782666314.737598 sending message 104 to peer 0x105816250 (0 bytes)
1782666314.737601 sending message 110 to peer 0x105816250 (0 bytes)
1782666314.737605 sending message 107 to peer 0x105816250 (4 bytes)
1782666314.737608 sending message 105 to peer 0x105816250 (157 bytes)
1782666314.737612 sending message 105 to peer 0x105816250 (75 bytes)
1782666314.737614 sending message 105 to peer 0x105816250 (21 bytes)
1782666314.737616 sending message 105 to peer 0x105816250 (19 bytes)
1782666314.737619 sending message 105 to peer 0x105816250 (15 bytes)
1782666314.737623 sending message 105 to peer 0x105816250 (57 bytes)
1782666314.737652 sending message 105 to peer 0x105816250 (27 bytes)
1782666314.737658 sending message 105 to peer 0x105816250 (11 bytes)
1782666314.737661 sending message 105 to peer 0x105816250 (22 bytes)
1782666314.737665 sending message 105 to peer 0x105816250 (62 bytes)
1782666314.737668 sending message 105 to peer 0x105816250 (32 bytes)
1782666314.737671 sending message 105 to peer 0x105816250 (781 bytes)
1782666314.737674 sending message 105 to peer 0x105816250 (47 bytes)
1782666314.737677 sending message 105 to peer 0x105816250 (54 bytes)
1782666314.737681 sending message 105 to peer 0x105816250 (43 bytes)
1782666314.737684 sending message 105 to peer 0x105816250 (36 bytes)
1782666314.737687 sending message 105 to peer 0x105816250 (17 bytes)
1782666314.737690 sending message 105 to peer 0x105816250 (14 bytes)
1782666314.737693 sending message 105 to peer 0x105816250 (19 bytes)
1782666314.737696 sending message 105 to peer 0x105816250 (8 bytes)
1782666314.737699 sending message 105 to peer 0x105816250 (18 bytes)
1782666314.737702 sending message 105 to peer 0x105816250 (63 bytes)
1782666314.737705 sending message 105 to peer 0x105816250 (14 bytes)
1782666314.737708 sending message 105 to peer 0x105816250 (98 bytes)
1782666314.737712 sending message 105 to peer 0x105816250 (57 bytes)
1782666314.737715 sending message 105 to peer 0x105816250 (18 bytes)
1782666314.737718 sending message 105 to peer 0x105816250 (24 bytes)
1782666314.737721 sending message 105 to peer 0x105816250 (20 bytes)
1782666314.737724 sending message 105 to peer 0x105816250 (30 bytes)
1782666314.737728 sending message 105 to peer 0x105816250 (30 bytes)
1782666314.737731 sending message 105 to peer 0x105816250 (37 bytes)
1782666314.737735 sending message 105 to peer 0x105816250 (34 bytes)
1782666314.737738 sending message 105 to peer 0x105816250 (35 bytes)
1782666314.737741 sending message 105 to peer 0x105816250 (28 bytes)
1782666314.737745 sending message 105 to peer 0x105816250 (11 bytes)
1782666314.737748 sending message 105 to peer 0x105816250 (8 bytes)
1782666314.737751 sending message 105 to peer 0x105816250 (32 bytes)
1782666314.737754 sending message 105 to peer 0x105816250 (19 bytes)
1782666314.737757 sending message 105 to peer 0x105816250 (30 bytes)
1782666314.737760 sending message 105 to peer 0x105816250 (60 bytes)
1782666314.737763 sending message 105 to peer 0x105816250 (19 bytes)
1782666314.737766 sending message 105 to peer 0x105816250 (38 bytes)
1782666314.737769 sending message 105 to peer 0x105816250 (26 bytes)
1782666314.737772 sending message 105 to peer 0x105816250 (16 bytes)
1782666314.737775 sending message 105 to peer 0x105816250 (53 bytes)
1782666314.737779 sending message 105 to peer 0x105816250 (62 bytes)
1782666314.737784 sending message 105 to peer 0x105816250 (36 bytes)
1782666314.737789 sending message 105 to peer 0x105816250 (25 bytes)
1782666314.737792 sending message 106 to peer 0x105816250 (0 bytes)
1782666314.786368 sending message 200 to peer 0x105816250 (4 bytes)
1782666314.786378 client loop enter
1782666314.786406 client_signal: Child exited: 20
1782666314.802594 peer 0x105816250 message 207
1782666314.802602 sending message 208 to peer 0x105816250 (0 bytes)
1782666331.750570 peer 0x105816250 message 203
1782666331.750587 sending message 205 to peer 0x105816250 (0 bytes)
1782666331.750807 peer 0x105816250 message 204
1782666331.750812 client loop exit
