1782666341.500872 client started (45925): version 3.7, socket /private/tmp/tmux-501/default, protocol 8
1782666341.500990 on Darwin 25.5.0 Darwin Kernel Version 25.5.0: Mon Apr 27 20:38:56 PDT 2026; root:xnu-12377.121.6~2/RELEASE_ARM64_T6000
1782666341.501001 using libevent 2.1.12-stable select
1782666341.501014 using utf8proc 2.11.3
1782666341.501020 using ncurses 6.6 20251230
1782666341.501039 flags are 0x10010000
1782666341.501046 socket is /private/tmp/tmux-501/default
1782666341.501061 trying connect
1782666341.501112 add peer 0x104ab6530: 6 (0x0)
1782666341.503858 sending message 111 to peer 0x104ab6530 (8 bytes)
1782666341.503874 sending message 111 to peer 0x104ab6530 (8 bytes)
1782666341.503881 sending message 101 to peer 0x104ab6530 (14 bytes)
1782666341.503888 sending message 109 to peer 0x104ab6530 (4 bytes)
1782666341.503893 sending message 102 to peer 0x104ab6530 (13 bytes)
1782666341.503899 sending message 108 to peer 0x104ab6530 (32 bytes)
1782666341.503910 sending message 112 to peer 0x104ab6530 (70 bytes)
1782666341.503918 sending message 112 to peer 0x104ab6530 (5 bytes)
1782666341.503925 sending message 112 to peer 0x104ab6530 (5 bytes)
1782666341.503931 sending message 112 to peer 0x104ab6530 (6 bytes)
1782666341.503938 sending message 112 to peer 0x104ab6530 (6 bytes)
1782666341.503945 sending message 112 to peer 0x104ab6530 (11 bytes)
1782666341.503953 sending message 112 to peer 0x104ab6530 (10 bytes)
1782666341.503960 sending message 112 to peer 0x104ab6530 (13 bytes)
1782666341.503967 sending message 112 to peer 0x104ab6530 (13 bytes)
1782666341.503973 sending message 112 to peer 0x104ab6530 (18 bytes)
1782666341.503979 sending message 112 to peer 0x104ab6530 (11 bytes)
1782666341.503984 sending message 112 to peer 0x104ab6530 (10 bytes)
1782666341.503992 sending message 112 to peer 0x104ab6530 (15 bytes)
1782666341.503999 sending message 112 to peer 0x104ab6530 (21 bytes)
1782666341.504005 sending message 112 to peer 0x104ab6530 (13 bytes)
1782666341.504010 sending message 112 to peer 0x104ab6530 (7 bytes)
1782666341.504015 sending message 112 to peer 0x104ab6530 (13 bytes)
1782666341.504022 sending message 112 to peer 0x104ab6530 (7 bytes)
1782666341.504027 sending message 112 to peer 0x104ab6530 (13 bytes)
1782666341.504033 sending message 112 to peer 0x104ab6530 (9 bytes)
1782666341.504038 sending message 112 to peer 0x104ab6530 (21 bytes)
1782666341.504043 sending message 112 to peer 0x104ab6530 (13 bytes)
1782666341.504048 sending message 112 to peer 0x104ab6530 (8 bytes)
1782666341.504054 sending message 112 to peer 0x104ab6530 (12 bytes)
1782666341.504059 sending message 112 to peer 0x104ab6530 (13 bytes)
1782666341.504067 sending message 112 to peer 0x104ab6530 (9 bytes)
1782666341.504072 sending message 112 to peer 0x104ab6530 (9 bytes)
1782666341.504078 sending message 112 to peer 0x104ab6530 (12 bytes)
1782666341.504083 sending message 112 to peer 0x104ab6530 (8 bytes)
1782666341.504088 sending message 112 to peer 0x104ab6530 (8 bytes)
1782666341.504093 sending message 112 to peer 0x104ab6530 (7 bytes)
1782666341.504098 sending message 112 to peer 0x104ab6530 (7 bytes)
1782666341.504103 sending message 112 to peer 0x104ab6530 (9 bytes)
1782666341.504109 sending message 112 to peer 0x104ab6530 (13 bytes)
1782666341.504114 sending message 112 to peer 0x104ab6530 (6 bytes)
1782666341.504119 sending message 112 to peer 0x104ab6530 (9 bytes)
1782666341.504124 sending message 112 to peer 0x104ab6530 (15 bytes)
1782666341.504129 sending message 112 to peer 0x104ab6530 (13 bytes)
1782666341.504135 sending message 112 to peer 0x104ab6530 (12 bytes)
1782666341.504140 sending message 112 to peer 0x104ab6530 (8 bytes)
1782666341.504145 sending message 112 to peer 0x104ab6530 (14 bytes)
1782666341.504150 sending message 112 to peer 0x104ab6530 (11 bytes)
1782666341.504155 sending message 112 to peer 0x104ab6530 (9 bytes)
1782666341.504160 sending message 112 to peer 0x104ab6530 (10 bytes)
1782666341.504166 sending message 112 to peer 0x104ab6530 (10 bytes)
1782666341.504171 sending message 112 to peer 0x104ab6530 (10 bytes)
1782666341.504186 sending message 112 to peer 0x104ab6530 (10 bytes)
1782666341.504191 sending message 112 to peer 0x104ab6530 (11 bytes)
1782666341.504197 sending message 112 to peer 0x104ab6530 (12 bytes)
1782666341.504202 sending message 112 to peer 0x104ab6530 (12 bytes)
1782666341.504207 sending message 112 to peer 0x104ab6530 (12 bytes)
1782666341.504212 sending message 112 to peer 0x104ab6530 (12 bytes)
1782666341.504217 sending message 112 to peer 0x104ab6530 (12 bytes)
1782666341.504222 sending message 112 to peer 0x104ab6530 (11 bytes)
1782666341.504227 sending message 112 to peer 0x104ab6530 (11 bytes)
1782666341.504232 sending message 112 to peer 0x104ab6530 (12 bytes)
1782666341.504238 sending message 112 to peer 0x104ab6530 (12 bytes)
1782666341.504243 sending message 112 to peer 0x104ab6530 (12 bytes)
1782666341.504248 sending message 112 to peer 0x104ab6530 (12 bytes)
1782666341.504253 sending message 112 to peer 0x104ab6530 (12 bytes)
1782666341.504258 sending message 112 to peer 0x104ab6530 (10 bytes)
1782666341.504262 sending message 112 to peer 0x104ab6530 (12 bytes)
1782666341.504266 sending message 112 to peer 0x104ab6530 (13 bytes)
1782666341.504270 sending message 112 to peer 0x104ab6530 (13 bytes)
1782666341.504274 sending message 112 to peer 0x104ab6530 (13 bytes)
1782666341.504278 sending message 112 to peer 0x104ab6530 (13 bytes)
1782666341.504282 sending message 112 to peer 0x104ab6530 (13 bytes)
1782666341.504286 sending message 112 to peer 0x104ab6530 (8 bytes)
1782666341.504290 sending message 112 to peer 0x104ab6530 (11 bytes)
1782666341.504294 sending message 112 to peer 0x104ab6530 (11 bytes)
1782666341.504298 sending message 112 to peer 0x104ab6530 (11 bytes)
1782666341.504302 sending message 112 to peer 0x104ab6530 (12 bytes)
1782666341.504306 sending message 112 to peer 0x104ab6530 (12 bytes)
1782666341.504310 sending message 112 to peer 0x104ab6530 (12 bytes)
1782666341.504314 sending message 112 to peer 0x104ab6530 (12 bytes)
1782666341.504318 sending message 112 to peer 0x104ab6530 (13 bytes)
1782666341.504322 sending message 112 to peer 0x104ab6530 (13 bytes)
1782666341.504325 sending message 112 to peer 0x104ab6530 (13 bytes)
1782666341.504329 sending message 112 to peer 0x104ab6530 (8 bytes)
1782666341.504333 sending message 112 to peer 0x104ab6530 (13 bytes)
1782666341.504337 sending message 112 to peer 0x104ab6530 (13 bytes)
1782666341.504341 sending message 112 to peer 0x104ab6530 (13 bytes)
1782666341.504345 sending message 112 to peer 0x104ab6530 (13 bytes)
1782666341.504349 sending message 112 to peer 0x104ab6530 (13 bytes)
1782666341.504353 sending message 112 to peer 0x104ab6530 (12 bytes)
1782666341.504358 sending message 112 to peer 0x104ab6530 (12 bytes)
1782666341.504364 sending message 112 to peer 0x104ab6530 (12 bytes)
1782666341.504369 sending message 112 to peer 0x104ab6530 (12 bytes)
1782666341.504374 sending message 112 to peer 0x104ab6530 (13 bytes)
1782666341.504379 sending message 112 to peer 0x104ab6530 (8 bytes)
1782666341.504385 sending message 112 to peer 0x104ab6530 (13 bytes)
1782666341.504390 sending message 112 to peer 0x104ab6530 (13 bytes)
1782666341.504395 sending message 112 to peer 0x104ab6530 (13 bytes)
1782666341.504400 sending message 112 to peer 0x104ab6530 (13 bytes)
1782666341.504404 sending message 112 to peer 0x104ab6530 (13 bytes)
1782666341.504409 sending message 112 to peer 0x104ab6530 (13 bytes)
1782666341.504414 sending message 112 to peer 0x104ab6530 (13 bytes)
1782666341.504418 sending message 112 to peer 0x104ab6530 (12 bytes)
1782666341.504421 sending message 112 to peer 0x104ab6530 (12 bytes)
1782666341.504425 sending message 112 to peer 0x104ab6530 (12 bytes)
1782666341.504429 sending message 112 to peer 0x104ab6530 (8 bytes)
1782666341.504433 sending message 112 to peer 0x104ab6530 (12 bytes)
1782666341.504437 sending message 112 to peer 0x104ab6530 (13 bytes)
1782666341.504441 sending message 112 to peer 0x104ab6530 (13 bytes)
1782666341.504445 sending message 112 to peer 0x104ab6530 (13 bytes)
1782666341.504449 sending message 112 to peer 0x104ab6530 (13 bytes)
1782666341.504463 sending message 112 to peer 0x104ab6530 (13 bytes)
1782666341.504467 sending message 112 to peer 0x104ab6530 (13 bytes)
1782666341.504471 sending message 112 to peer 0x104ab6530 (13 bytes)
1782666341.504475 sending message 112 to peer 0x104ab6530 (13 bytes)
1782666341.504479 sending message 112 to peer 0x104ab6530 (12 bytes)
1782666341.504483 sending message 112 to peer 0x104ab6530 (10 bytes)
1782666341.504487 sending message 112 to peer 0x104ab6530 (12 bytes)
1782666341.504491 sending message 112 to peer 0x104ab6530 (12 bytes)
1782666341.504495 sending message 112 to peer 0x104ab6530 (12 bytes)
1782666341.504499 sending message 112 to peer 0x104ab6530 (13 bytes)
1782666341.504503 sending message 112 to peer 0x104ab6530 (13 bytes)
1782666341.504507 sending message 112 to peer 0x104ab6530 (13 bytes)
1782666341.504511 sending message 112 to peer 0x104ab6530 (13 bytes)
1782666341.504515 sending message 112 to peer 0x104ab6530 (13 bytes)
1782666341.504519 sending message 112 to peer 0x104ab6530 (13 bytes)
1782666341.504522 sending message 112 to peer 0x104ab6530 (13 bytes)
1782666341.504526 sending message 112 to peer 0x104ab6530 (10 bytes)
1782666341.504530 sending message 112 to peer 0x104ab6530 (13 bytes)
1782666341.504534 sending message 112 to peer 0x104ab6530 (12 bytes)
1782666341.504538 sending message 112 to peer 0x104ab6530 (12 bytes)
1782666341.504542 sending message 112 to peer 0x104ab6530 (12 bytes)
1782666341.504546 sending message 112 to peer 0x104ab6530 (10 bytes)
1782666341.504549 sending message 112 to peer 0x104ab6530 (10 bytes)
1782666341.504553 sending message 112 to peer 0x104ab6530 (10 bytes)
1782666341.504557 sending message 112 to peer 0x104ab6530 (12 bytes)
1782666341.504561 sending message 112 to peer 0x104ab6530 (13 bytes)
1782666341.504565 sending message 112 to peer 0x104ab6530 (13 bytes)
1782666341.504569 sending message 112 to peer 0x104ab6530 (13 bytes)
1782666341.504573 sending message 112 to peer 0x104ab6530 (13 bytes)
1782666341.504577 sending message 112 to peer 0x104ab6530 (13 bytes)
1782666341.504581 sending message 112 to peer 0x104ab6530 (11 bytes)
1782666341.504585 sending message 112 to peer 0x104ab6530 (11 bytes)
1782666341.504588 sending message 112 to peer 0x104ab6530 (12 bytes)
1782666341.504592 sending message 112 to peer 0x104ab6530 (12 bytes)
1782666341.504596 sending message 112 to peer 0x104ab6530 (12 bytes)
1782666341.504600 sending message 112 to peer 0x104ab6530 (12 bytes)
1782666341.504604 sending message 112 to peer 0x104ab6530 (12 bytes)
1782666341.504608 sending message 112 to peer 0x104ab6530 (11 bytes)
1782666341.504612 sending message 112 to peer 0x104ab6530 (12 bytes)
1782666341.504615 sending message 112 to peer 0x104ab6530 (12 bytes)
1782666341.504619 sending message 112 to peer 0x104ab6530 (13 bytes)
1782666341.504623 sending message 112 to peer 0x104ab6530 (13 bytes)
1782666341.504627 sending message 112 to peer 0x104ab6530 (13 bytes)
1782666341.504631 sending message 112 to peer 0x104ab6530 (13 bytes)
1782666341.504635 sending message 112 to peer 0x104ab6530 (13 bytes)
1782666341.504638 sending message 112 to peer 0x104ab6530 (10 bytes)
1782666341.504642 sending message 112 to peer 0x104ab6530 (9 bytes)
1782666341.504646 sending message 112 to peer 0x104ab6530 (12 bytes)
1782666341.504650 sending message 112 to peer 0x104ab6530 (13 bytes)
1782666341.504654 sending message 112 to peer 0x104ab6530 (13 bytes)
1782666341.504659 sending message 112 to peer 0x104ab6530 (13 bytes)
1782666341.504664 sending message 112 to peer 0x104ab6530 (13 bytes)
1782666341.504669 sending message 112 to peer 0x104ab6530 (13 bytes)
1782666341.504674 sending message 112 to peer 0x104ab6530 (9 bytes)
1782666341.504679 sending message 112 to peer 0x104ab6530 (12 bytes)
1782666341.504685 sending message 112 to peer 0x104ab6530 (13 bytes)
1782666341.504690 sending message 112 to peer 0x104ab6530 (13 bytes)
1782666341.504695 sending message 112 to peer 0x104ab6530 (13 bytes)
1782666341.504700 sending message 112 to peer 0x104ab6530 (13 bytes)
1782666341.504711 sending message 112 to peer 0x104ab6530 (13 bytes)
1782666341.504716 sending message 112 to peer 0x104ab6530 (11 bytes)
1782666341.504721 sending message 112 to peer 0x104ab6530 (12 bytes)
1782666341.504726 sending message 112 to peer 0x104ab6530 (13 bytes)
1782666341.504730 sending message 112 to peer 0x104ab6530 (13 bytes)
1782666341.504734 sending message 112 to peer 0x104ab6530 (13 bytes)
1782666341.504738 sending message 112 to peer 0x104ab6530 (13 bytes)
1782666341.504742 sending message 112 to peer 0x104ab6530 (13 bytes)
1782666341.504746 sending message 112 to peer 0x104ab6530 (11 bytes)
1782666341.504750 sending message 112 to peer 0x104ab6530 (12 bytes)
1782666341.504754 sending message 112 to peer 0x104ab6530 (12 bytes)
1782666341.504758 sending message 112 to peer 0x104ab6530 (12 bytes)
1782666341.504762 sending message 112 to peer 0x104ab6530 (12 bytes)
1782666341.504766 sending message 112 to peer 0x104ab6530 (12 bytes)
1782666341.504770 sending message 112 to peer 0x104ab6530 (21 bytes)
1782666341.504774 sending message 112 to peer 0x104ab6530 (12 bytes)
1782666341.504778 sending message 112 to peer 0x104ab6530 (9 bytes)
1782666341.504782 sending message 112 to peer 0x104ab6530 (6 bytes)
1782666341.504786 sending message 112 to peer 0x104ab6530 (13 bytes)
1782666341.504790 sending message 112 to peer 0x104ab6530 (8 bytes)
1782666341.504794 sending message 112 to peer 0x104ab6530 (15 bytes)
1782666341.504798 sending message 112 to peer 0x104ab6530 (13 bytes)
1782666341.504802 sending message 112 to peer 0x104ab6530 (9 bytes)
1782666341.504807 sending message 112 to peer 0x104ab6530 (70 bytes)
1782666341.504813 sending message 112 to peer 0x104ab6530 (69 bytes)
1782666341.504818 sending message 112 to peer 0x104ab6530 (10 bytes)
1782666341.504823 sending message 112 to peer 0x104ab6530 (10 bytes)
1782666341.504828 sending message 112 to peer 0x104ab6530 (8 bytes)
1782666341.504833 sending message 112 to peer 0x104ab6530 (15 bytes)
1782666341.504838 sending message 112 to peer 0x104ab6530 (13 bytes)
1782666341.504843 sending message 112 to peer 0x104ab6530 (10 bytes)
1782666341.504848 sending message 112 to peer 0x104ab6530 (10 bytes)
1782666341.504854 sending message 112 to peer 0x104ab6530 (17 bytes)
1782666341.504859 sending message 112 to peer 0x104ab6530 (10 bytes)
1782666341.504864 sending message 112 to peer 0x104ab6530 (13 bytes)
1782666341.504868 sending message 112 to peer 0x104ab6530 (9 bytes)
1782666341.504872 sending message 112 to peer 0x104ab6530 (5 bytes)
1782666341.504876 sending message 112 to peer 0x104ab6530 (15 bytes)
1782666341.504883 sending message 104 to peer 0x104ab6530 (0 bytes)
1782666341.504888 sending message 110 to peer 0x104ab6530 (0 bytes)
1782666341.504892 sending message 107 to peer 0x104ab6530 (4 bytes)
1782666341.504897 sending message 105 to peer 0x104ab6530 (30 bytes)
1782666341.504901 sending message 105 to peer 0x104ab6530 (20 bytes)
1782666341.504905 sending message 105 to peer 0x104ab6530 (22 bytes)
1782666341.504909 sending message 105 to peer 0x104ab6530 (19 bytes)
1782666341.504913 sending message 105 to peer 0x104ab6530 (57 bytes)
1782666341.504917 sending message 105 to peer 0x104ab6530 (75 bytes)
1782666341.504921 sending message 105 to peer 0x104ab6530 (47 bytes)
1782666341.504925 sending message 105 to peer 0x104ab6530 (18 bytes)
1782666341.504929 sending message 105 to peer 0x104ab6530 (37 bytes)
1782666341.504933 sending message 105 to peer 0x104ab6530 (30 bytes)
1782666341.504937 sending message 105 to peer 0x104ab6530 (34 bytes)
1782666341.504941 sending message 105 to peer 0x104ab6530 (60 bytes)
1782666341.504945 sending message 105 to peer 0x104ab6530 (17 bytes)
1782666341.504949 sending message 105 to peer 0x104ab6530 (8 bytes)
1782666341.504953 sending message 105 to peer 0x104ab6530 (14 bytes)
1782666341.504957 sending message 105 to peer 0x104ab6530 (32 bytes)
1782666341.504961 sending message 105 to peer 0x104ab6530 (54 bytes)
1782666341.504965 sending message 105 to peer 0x104ab6530 (208 bytes)
1782666341.504977 sending message 105 to peer 0x104ab6530 (53 bytes)
1782666341.504982 sending message 105 to peer 0x104ab6530 (16 bytes)
1782666341.504986 sending message 105 to peer 0x104ab6530 (26 bytes)
1782666341.504990 sending message 105 to peer 0x104ab6530 (62 bytes)
1782666341.504994 sending message 105 to peer 0x104ab6530 (39 bytes)
1782666341.504998 sending message 105 to peer 0x104ab6530 (18 bytes)
1782666341.505007 sending message 105 to peer 0x104ab6530 (11 bytes)
1782666341.505013 sending message 105 to peer 0x104ab6530 (981 bytes)
1782666341.505017 sending message 105 to peer 0x104ab6530 (36 bytes)
1782666341.505021 sending message 105 to peer 0x104ab6530 (36 bytes)
1782666341.505025 sending message 105 to peer 0x104ab6530 (24 bytes)
1782666341.505029 sending message 105 to peer 0x104ab6530 (15 bytes)
1782666341.505033 sending message 105 to peer 0x104ab6530 (8 bytes)
1782666341.505037 sending message 105 to peer 0x104ab6530 (62 bytes)
1782666341.505041 sending message 105 to peer 0x104ab6530 (60 bytes)
1782666341.505045 sending message 105 to peer 0x104ab6530 (38 bytes)
1782666341.505049 sending message 105 to peer 0x104ab6530 (19 bytes)
1782666341.505053 sending message 105 to peer 0x104ab6530 (19 bytes)
1782666341.505056 sending message 105 to peer 0x104ab6530 (63 bytes)
1782666341.505060 sending message 105 to peer 0x104ab6530 (18 bytes)
1782666341.505065 sending message 105 to peer 0x104ab6530 (25 bytes)
1782666341.505069 sending message 105 to peer 0x104ab6530 (57 bytes)
1782666341.505073 sending message 105 to peer 0x104ab6530 (43 bytes)
1782666341.505077 sending message 105 to peer 0x104ab6530 (13 bytes)
1782666341.505081 sending message 105 to peer 0x104ab6530 (11 bytes)
1782666341.505085 sending message 105 to peer 0x104ab6530 (98 bytes)
1782666341.505089 sending message 105 to peer 0x104ab6530 (14 bytes)
1782666341.505093 sending message 105 to peer 0x104ab6530 (19 bytes)
1782666341.505097 sending message 105 to peer 0x104ab6530 (28 bytes)
1782666341.505102 sending message 105 to peer 0x104ab6530 (43 bytes)
1782666341.505106 sending message 105 to peer 0x104ab6530 (32 bytes)
1782666341.505111 sending message 105 to peer 0x104ab6530 (347 bytes)
1782666341.505116 sending message 105 to peer 0x104ab6530 (25 bytes)
1782666341.505121 sending message 106 to peer 0x104ab6530 (0 bytes)
1782666341.505210 sending message 200 to peer 0x104ab6530 (4 bytes)
1782666341.505217 client loop enter
1782666341.505533 peer 0x104ab6530 message 303
1782666341.505542 open write file 2 -
1782666341.505561 sending message 305 to peer 0x104ab6530 (8 bytes)
1782666341.505577 write check file 2
1782666341.505599 peer 0x104ab6530 message 304
1782666341.505604 write 58 to file 2
1782666341.505609 peer 0x104ab6530 message 203
1782666341.505614 file 2 58 bytes left
1782666341.505631 write check file 2
1782666341.505636 client loop exit
